<?xml version="1.0" encoding="UTF-8"?>
<!-- Generated by org.testng.reporters.JUnitXMLReporter -->
<testsuite hostname="DESKTOP-HFP8OSQ" ignored="1" name="CrossBrowserTest_Cfrome" tests="2" failures="0" timestamp="2020-10-21T03:32:23 BDT" time="16.077" errors="0">
  <testcase name="@AfterTest captureScreen" time="-1.603229543416E9" classname="com.Common.BaseClass">
    <failure type="org.testng.TestNGException" message="
Can inject only one of &amp;lt;ITestContext, XmlTest&amp;gt; into a @AfterTest annotated captureScreen.
For more information on native dependency injection please refer to https://testng.org/doc/documentation-main.html#native-dependency-injection">
      <![CDATA[org.testng.TestNGException: 
Can inject only one of <ITestContext, XmlTest> into a @AfterTest annotated captureScreen.
For more information on native dependency injection please refer to https://testng.org/doc/documentation-main.html#native-dependency-injection
... Removed 21 stack frames]]>
    </failure>
  </testcase> <!-- @AfterTest captureScreen -->
  <testcase name="login" time="3.634" classname="com.LoginTest.LoginTC_1"/>
  <testcase name="login" time="5.375" classname="com.LoginTest.LoginTC_2"/>
  <testcase name="@AfterTest captureScreen" time="0.0" classname="com.Common.BaseClass">
    <ignored/>
  </testcase> <!-- @AfterTest captureScreen -->
</testsuite> <!-- CrossBrowserTest_Cfrome -->
